2020-08-05 22:09:03	[INFO]	Comic	Getting soup for https://www.gunnerkrigg.com/
2020-08-05 22:09:04	[INFO]	Comic	Getting soup for https://www.gunnerkrigg.com/?p=2340
2020-08-05 22:09:34	[INFO]	Comic	Getting soup for https://www.gunnerkrigg.com/
2020-08-05 22:09:35	[INFO]	Comic	Getting soup for https://www.gunnerkrigg.com/?p=2340
2020-08-05 22:09:49	[INFO]	Comic	Getting soup for https://www.gunnerkrigg.com/
2020-08-05 22:09:49	[INFO]	Comic	Getting soup for https://www.gunnerkrigg.com/?p=2340
2020-08-05 22:10:15	[INFO]	Comic	Getting soup for https://www.gunnerkrigg.com/
2020-08-05 22:10:15	[INFO]	Comic	Getting soup for https://www.gunnerkrigg.com/?p=2340
2020-08-05 22:10:35	[INFO]	Comic	Getting soup for https://www.gunnerkrigg.com/
2020-08-05 22:10:36	[INFO]	Comic	Getting soup for https://www.gunnerkrigg.com/?p=2340
2020-08-05 22:11:16	[INFO]	Comic	Getting soup for https://www.gunnerkrigg.com/
2020-08-05 22:11:17	[INFO]	Comic	Getting soup for https://www.gunnerkrigg.com/?p=2340
2020-08-05 22:11:38	[INFO]	Comic	Getting soup for https://www.gunnerkrigg.com/
2020-08-05 22:11:38	[INFO]	Comic	Getting soup for https://www.gunnerkrigg.com/?p=2340
2020-08-05 22:11:38	[INFO]	Comic	Saving with no alt
2020-08-05 22:11:38	[INFO]	Comic	Downloading image: Gunnerkrigg/077 - The Thousand Eyes/raw_Gunnerkrigg_077-019.jpg
2020-08-05 22:11:38	[INFO]	Comic	Downloading
2020-08-05 22:11:38	[WARNING]	Comic	ValueError exception occured. Waiting for 2 seconds to try again. Remaining atempts: 5
2020-08-05 22:11:40	[WARNING]	Comic	ValueError exception occured. Waiting for 4 seconds to try again. Remaining atempts: 4
2020-08-05 22:13:59	[INFO]	Comic	Getting soup for https://www.gunnerkrigg.com/
2020-08-05 22:13:59	[INFO]	Comic	Getting soup for https://www.gunnerkrigg.com/?p=2340
2020-08-05 22:14:00	[INFO]	Comic	Saving with no alt
2020-08-05 22:14:00	[INFO]	Comic	Downloading image: Gunnerkrigg/077 - The Thousand Eyes/raw_Gunnerkrigg_077-019.jpg
2020-08-05 22:14:00	[INFO]	Comic	Downloading
2020-08-05 22:14:00	[INFO]	Comic	Converting image to png: Gunnerkrigg/077 - The Thousand Eyes/Gunnerkrigg_077-019.jpg
2020-08-05 22:14:34	[INFO]	Comic	Getting soup for https://www.gunnerkrigg.com/
2020-08-05 22:14:34	[INFO]	Comic	Getting soup for https://www.gunnerkrigg.com/?p=2340
2020-08-05 22:14:35	[INFO]	Comic	Saving with no alt
2020-08-05 22:14:35	[INFO]	Comic	Downloading image: Gunnerkrigg/077 - The Thousand Eyes/raw_Gunnerkrigg_077-019.jpg
2020-08-05 22:14:35	[INFO]	Comic	Downloading
2020-08-05 22:14:35	[INFO]	Comic	Converting image to png: Gunnerkrigg/077 - The Thousand Eyes/Gunnerkrigg_077-019.jpg
2020-08-05 22:14:36	[INFO]	Comic	Adding to archive: /home/uniontown/media/reading/webcomics/Gunnerkrigg/Gunnerkrigg - 077 - The Thousand Eyes.cbz
2020-08-05 22:14:36	[INFO]	Comic	Adding to archive: /home/uniontown/media/reading/webcomics/Gunnerkrigg/Gunnerkrigg.cbz
2020-08-05 22:14:43	[INFO]	GunnerkriggComic	Done
2020-08-05 22:14:43	[INFO]	GunnerkriggComic	Completed Comic
2020-08-05 22:15:35	[INFO]	Comic	Getting soup for https://www.gunnerkrigg.com/
2020-08-05 22:15:35	[INFO]	Comic	Getting soup for https://www.gunnerkrigg.com/?p=2340
2020-08-05 22:15:36	[INFO]	Comic	Saving with no alt
2020-08-05 22:15:36	[INFO]	Comic	Downloading image: Gunnerkrigg/077 - The Thousand Eyes/raw_Gunnerkrigg_077-019.png
2020-08-05 22:15:36	[INFO]	Comic	Downloading
2020-08-05 22:15:36	[INFO]	Comic	No need to convert image: Gunnerkrigg/077 - The Thousand Eyes/Gunnerkrigg_077-019.png
2020-08-05 22:15:36	[INFO]	Comic	Adding to archive: /home/uniontown/media/reading/webcomics/Gunnerkrigg/Gunnerkrigg - 077 - The Thousand Eyes.cbz
2020-08-05 22:15:36	[INFO]	Comic	Adding to archive: /home/uniontown/media/reading/webcomics/Gunnerkrigg/Gunnerkrigg.cbz
2020-08-05 22:15:37	[INFO]	GunnerkriggComic	Done
2020-08-05 22:15:37	[INFO]	GunnerkriggComic	Completed Comic
2020-08-05 22:17:19	[INFO]	Comic	Getting soup for https://www.gunnerkrigg.com/
2020-08-05 22:17:20	[INFO]	Comic	Getting soup for https://www.gunnerkrigg.com/?p=2340
2020-08-05 22:17:20	[INFO]	Comic	Saving with no alt
2020-08-05 22:17:20	[INFO]	Comic	Downloading image: Gunnerkrigg/077 - The Thousand Eyes/raw_Gunnerkrigg_077-019.jpg
2020-08-05 22:17:20	[INFO]	Comic	Downloading
2020-08-05 22:17:20	[INFO]	Comic	Converting image to png: Gunnerkrigg/077 - The Thousand Eyes/Gunnerkrigg_077-019.png
2020-08-05 22:17:21	[INFO]	Comic	Adding to archive: /home/uniontown/media/reading/webcomics/Gunnerkrigg/Gunnerkrigg - 077 - The Thousand Eyes.cbz
2020-08-05 22:17:21	[INFO]	Comic	Adding to archive: /home/uniontown/media/reading/webcomics/Gunnerkrigg/Gunnerkrigg.cbz
2020-08-05 22:17:22	[INFO]	GunnerkriggComic	Done
2020-08-05 22:17:22	[INFO]	GunnerkriggComic	Completed Comic
2020-08-05 22:19:05	[INFO]	Comic	Getting soup for https://www.gunnerkrigg.com/
2020-08-05 22:19:06	[INFO]	Comic	Getting soup for https://www.gunnerkrigg.com/?p=2340
2020-08-05 22:19:06	[INFO]	Comic	Saving with no alt
2020-08-05 22:19:06	[INFO]	Comic	Downloading image: Gunnerkrigg2/077 - The Thousand Eyes/raw_Gunnerkrigg2_077-019.jpg
2020-08-05 22:19:06	[INFO]	Comic	Downloading
2020-08-05 22:19:07	[INFO]	Comic	Converting image to png: Gunnerkrigg2/077 - The Thousand Eyes/Gunnerkrigg2_077-019.png
2020-08-05 22:19:07	[INFO]	Comic	Adding to archive: /home/uniontown/media/reading/webcomics/Gunnerkrigg/Gunnerkrigg - 077 - The Thousand Eyes.cbz
2020-08-05 22:19:07	[INFO]	Comic	Adding to archive: /home/uniontown/media/reading/webcomics/Gunnerkrigg/Gunnerkrigg.cbz
2020-08-05 22:19:08	[INFO]	GunnerkriggComic	Done
2020-08-05 22:19:08	[INFO]	GunnerkriggComic	Completed Comic
