2020-07-20 08:11:51	[INFO]	Getting soup for https://www.dumbingofage.com/
2020-07-20 08:11:51	[INFO]	Saving Arc to Database
2020-07-20 08:11:51	[INFO]	Saving Comic to Database
2020-07-20 08:11:51	[INFO]	Saving Tags to Database
2020-07-20 08:11:51	[INFO]	Downloading
2020-07-20 08:11:51	[INFO]	Adding Alt Text
2020-07-20 08:11:52	[INFO]	Saving Alt to Database
2020-07-20 08:11:52	[INFO]	Removing raw
2020-07-20 08:11:52	[INFO]	Adding to cbz
2020-07-20 08:12:37	[INFO]	Done
2020-07-21 04:00:20	[INFO]	Getting soup for https://www.dumbingofage.com/
2020-07-21 04:00:21	[INFO]	Saving Arc to Database
2020-07-21 04:00:21	[INFO]	Saving Comic to Database
2020-07-21 04:00:21	[INFO]	Saving Tags to Database
2020-07-21 04:00:21	[INFO]	Downloading
2020-07-21 04:00:21	[INFO]	Adding Alt Text
2020-07-21 04:00:22	[INFO]	Saving Alt to Database
2020-07-21 04:00:22	[INFO]	Removing raw
2020-07-21 04:00:22	[INFO]	Adding to cbz
2020-07-21 04:01:14	[INFO]	Done
2020-07-21 04:01:15	[INFO]	Completed Comic
2020-07-22 04:00:24	[INFO]	Getting soup for https://www.dumbingofage.com/
2020-07-22 04:00:26	[INFO]	Saving Arc to Database
2020-07-22 04:00:26	[INFO]	Saving Comic to Database
2020-07-22 09:13:25	[INFO]	Getting soup for https://www.dumbingofage.com/
2020-07-22 09:15:29	[INFO]	Getting soup for https://www.dumbingofage.com/
2020-07-22 09:15:47	[INFO]	Getting soup for https://www.dumbingofage.com/
2020-07-22 09:15:49	[INFO]	Saving Arc to Database
2020-07-22 09:15:49	[INFO]	Saving Comic to Database
2020-07-22 09:15:49	[INFO]	Saving Tags to Database
2020-07-22 09:15:49	[INFO]	Downloading
2020-07-22 09:15:50	[INFO]	Adding Alt Text
2020-07-22 09:15:52	[INFO]	Saving Alt to Database
2020-07-22 09:15:52	[INFO]	Removing raw
2020-07-22 09:15:52	[INFO]	Adding to cbz
2020-07-22 09:16:41	[INFO]	Done
2020-07-22 09:16:41	[INFO]	Completed Comic
